<?xml version="1.0" encoding="UTF-8"?>
<testsuite name="com.tavisca.workshop.mgttg.InputParserTest" tests="1" skipped="0" failures="0" errors="0" timestamp="2019-07-26T07:20:24" hostname="RENTLAPT0111" time="0.003">
  <properties/>
  <testcase name="CalculateTheMissingValue" classname="com.tavisca.workshop.mgttg.InputParserTest" time="0.003"/>
  <system-out><![CDATA[]]></system-out>
  <system-err><![CDATA[]]></system-err>
</testsuite>
