<?xml version="1.0" encoding="UTF-8"?>
<testsuite name="com.tavisca.workshop.mgttg.InputParserTest" tests="1" skipped="0" failures="0" errors="0" timestamp="2019-08-13T18:49:29" hostname="RENTLAPT0111" time="0.006">
  <properties/>
  <testcase name="WordsCalculator" classname="com.tavisca.workshop.mgttg.InputParserTest" time="0.006"/>
  <system-out><![CDATA[]]></system-out>
  <system-err><![CDATA[]]></system-err>
</testsuite>
